Path: ../bin/rvage_dev3/./rvage_dev3
Call: age -i ../tmp/../tmp/error.bin --positions ../tmp/../tmp/error.positions.txt -m hmm --hmm ../bin/rvage_dev3/_initials.hhmm.tru ../bin/rvage_dev3/_emission.hhmm.tru.100 --Ne 10000 --mut 2e-8 --selectNN 1 --maxConcordant 100 --maxDiscordant 100 -o ../tmp/../tmp/error_estimation

Loading data
<< ../tmp/../tmp/error.bin

 # individuals: 50 (50 phased)
 # variants:    190

Generating sharing index at target positions
<< ../tmp/../tmp/error.positions.txt

 # target sites: 188
 [25 positions not viable]

  # shared    % freq.    # sites    # pairs
         2        2.0         32         10
         3        3.0         14         27
         4        4.0         18         51
         5        5.0          9         59
         6        6.0          1         15
         7        7.0          3         58
         8        8.0          3         50
         9        9.0          7        138
        10       10.0          7        147
        11       11.0          1         55
        14       14.0          9        138
        16       16.0          4        212
        20       20.0          2        155
        21       21.0          2        361
        28       28.0          1        280
        29       29.0          1        304
        32       32.0          1        356
        34       34.0          1        411
        36       36.0          2        441
        38       38.0          2        843
        39       39.0          1        503
        40       40.0          1        504
        41       41.0          5        978
        43       43.0          1        637
        44       44.0          1        539
        46       46.0          1        711
        48       48.0          5        994
        50       50.0          1        715
        51       51.0          1        753
        56       56.0          6        758
        62       62.0          1        922
        63       63.0          1       1052
        66       66.0          1        968
        79       79.0          1       1113
        82       82.0          1       1257
        84       84.0          2       1211
        85       85.0          1       1119
        90       90.0          3       1217
        91       91.0          6       1275
        98       98.0          3       1273
                      ---------- ----------
 Total:                      163      22610

Generating HMM probabilities from input files
<< ../bin/rvage_dev3/_initials.hhmm.tru
<< ../bin/rvage_dev3/_emission.hhmm.tru.100
 Effective population size,  Ne: 10000

 Initial state probabilities ... OK
 Emission probabilities ... OK
 Transition probabilities ... OK

Age estimation, using Hidden Markov Model (HMM)
>> ../tmp/../tmp/error_estimation.ccf.txt
>> ../tmp/../tmp/error_estimation.cle.txt

 # pairwise analyses = 23827


This is the end!
Process time: 14s 175ms
Elapsed time: 14s 175ms
