Path: ../bin/rvage_dev3/./rvage_dev3
Call: age -i ../tmp/myfile.bin --positions ../tmp/myfile.positions.txt -m hmm --hmm ../bin/rvage_dev3/_initials.hhmm.tru ../bin/rvage_dev3/_emission.hhmm.tru.100 --Ne 10000 --mut 2e-8 --selectNN 1 --maxConcordant 100 --maxDiscordant 100 -o ../tmp/myfile_estimation

Loading data
<< ../tmp/myfile.bin

 # individuals: 50 (50 phased)
 # variants:    6

Generating sharing index at target positions
<< ../tmp/myfile.positions.txt

 # target sites: 4

  # shared    % freq.    # sites    # pairs
         4        4.0          1          6
         5        5.0          1         10
         7        7.0          2         16
                      ---------- ----------
 Total:                        4         32

Generating HMM probabilities from input files
<< ../bin/rvage_dev3/_initials.hhmm.tru
<< ../bin/rvage_dev3/_emission.hhmm.tru.100
 Effective population size,  Ne: 10000

 Initial state probabilities ... OK
 Emission probabilities ... OK
 Transition probabilities ... OK

Age estimation, using Hidden Markov Model (HMM)
>> ../tmp/myfile_estimation.ccf.txt
>> ../tmp/myfile_estimation.cle.txt

 # pairwise analyses = 458


This is the end!
Process time: 1s 554ms
Elapsed time: 1s 553ms
